<?xml version="1.0" encoding="UTF-8"?>
<testsuite xmlns:xsi="http://www.w3.org/2001/XMLSchema-instance" xsi:noNamespaceSchemaLocation="https://maven.apache.org/surefire/maven-surefire-plugin/xsd/surefire-test-report.xsd" name="jar.IntegerToRomanTest" time="0.053" tests="16" errors="0" skipped="0" failures="0">
  <properties>
    <property name="java.specification.version" value="21"/>
    <property name="sun.jnu.encoding" value="UTF-8"/>
    <property name="java.class.path" value="/home/nevoso/Desktop/Uni/Mtts/ASSIGNMENT-2/roman-number/target/test-classes:/home/nevoso/Desktop/Uni/Mtts/ASSIGNMENT-2/roman-number/target/classes:/home/nevoso/.m2/repository/junit/junit/4.12/junit-4.12.jar:/home/nevoso/.m2/repository/org/hamcrest/hamcrest-core/1.3/hamcrest-core-1.3.jar:"/>
    <property name="java.vm.vendor" value="Private Build"/>
    <property name="sun.arch.data.model" value="64"/>
    <property name="java.vendor.url" value="Unknown"/>
    <property name="os.name" value="Linux"/>
    <property name="java.vm.specification.version" value="21"/>
    <property name="sun.java.launcher" value="SUN_STANDARD"/>
    <property name="user.country" value="US"/>
    <property name="sun.boot.library.path" value="/usr/lib/jvm/java-21-openjdk-amd64/lib"/>
    <property name="sun.java.command" value="/home/nevoso/Desktop/Uni/Mtts/ASSIGNMENT-2/roman-number/target/surefire/surefirebooter7329022428315988748.jar /home/nevoso/Desktop/Uni/Mtts/ASSIGNMENT-2/roman-number/target/surefire 2024-05-17T16-42-06_504-jvmRun1 surefire6984878007479115292tmp surefire_016260323456796834260tmp"/>
    <property name="jdk.debug" value="release"/>
    <property name="surefire.test.class.path" value="/home/nevoso/Desktop/Uni/Mtts/ASSIGNMENT-2/roman-number/target/test-classes:/home/nevoso/Desktop/Uni/Mtts/ASSIGNMENT-2/roman-number/target/classes:/home/nevoso/.m2/repository/junit/junit/4.12/junit-4.12.jar:/home/nevoso/.m2/repository/org/hamcrest/hamcrest-core/1.3/hamcrest-core-1.3.jar:"/>
    <property name="sun.cpu.endian" value="little"/>
    <property name="user.home" value="/home/nevoso"/>
    <property name="user.language" value="en"/>
    <property name="java.specification.vendor" value="Oracle Corporation"/>
    <property name="java.version.date" value="2024-01-16"/>
    <property name="java.home" value="/usr/lib/jvm/java-21-openjdk-amd64"/>
    <property name="file.separator" value="/"/>
    <property name="basedir" value="/home/nevoso/Desktop/Uni/Mtts/ASSIGNMENT-2/roman-number"/>
    <property name="java.vm.compressedOopsMode" value="Zero based"/>
    <property name="line.separator" value="&#10;"/>
    <property name="java.specification.name" value="Java Platform API Specification"/>
    <property name="java.vm.specification.vendor" value="Oracle Corporation"/>
    <property name="surefire.real.class.path" value="/home/nevoso/Desktop/Uni/Mtts/ASSIGNMENT-2/roman-number/target/surefire/surefirebooter7329022428315988748.jar"/>
    <property name="sun.management.compiler" value="HotSpot 64-Bit Tiered Compilers"/>
    <property name="java.runtime.version" value="21.0.2+13-Ubuntu-122.04.1"/>
    <property name="user.name" value="nevoso"/>
    <property name="stdout.encoding" value="UTF-8"/>
    <property name="path.separator" value=":"/>
    <property name="os.version" value="5.15.0-107-generic"/>
    <property name="java.runtime.name" value="OpenJDK Runtime Environment"/>
    <property name="file.encoding" value="UTF-8"/>
    <property name="java.vm.name" value="OpenJDK 64-Bit Server VM"/>
    <property name="localRepository" value="/home/nevoso/.m2/repository"/>
    <property name="java.vendor.url.bug" value="Unknown"/>
    <property name="java.io.tmpdir" value="/tmp"/>
    <property name="java.version" value="21.0.2"/>
    <property name="user.dir" value="/home/nevoso/Desktop/Uni/Mtts/ASSIGNMENT-2/roman-number"/>
    <property name="os.arch" value="amd64"/>
    <property name="java.vm.specification.name" value="Java Virtual Machine Specification"/>
    <property name="native.encoding" value="UTF-8"/>
    <property name="java.library.path" value="/usr/java/packages/lib:/usr/lib/x86_64-linux-gnu/jni:/lib/x86_64-linux-gnu:/usr/lib/x86_64-linux-gnu:/usr/lib/jni:/lib:/usr/lib"/>
    <property name="java.vm.info" value="mixed mode, sharing"/>
    <property name="stderr.encoding" value="UTF-8"/>
    <property name="java.vendor" value="Private Build"/>
    <property name="java.vm.version" value="21.0.2+13-Ubuntu-122.04.1"/>
    <property name="sun.io.unicode.encoding" value="UnicodeLittle"/>
    <property name="java.class.version" value="65.0"/>
  </properties>
  <testcase name="test_CD" classname="jar.IntegerToRomanTest" time="0.004"/>
  <testcase name="test_CM" classname="jar.IntegerToRomanTest" time="0"/>
  <testcase name="test_IV" classname="jar.IntegerToRomanTest" time="0"/>
  <testcase name="test_IX" classname="jar.IntegerToRomanTest" time="0"/>
  <testcase name="test_XC" classname="jar.IntegerToRomanTest" time="0.001"/>
  <testcase name="test_XL" classname="jar.IntegerToRomanTest" time="0"/>
  <testcase name="test_C" classname="jar.IntegerToRomanTest" time="0.001"/>
  <testcase name="test_D" classname="jar.IntegerToRomanTest" time="0"/>
  <testcase name="test_I" classname="jar.IntegerToRomanTest" time="0.001"/>
  <testcase name="test_L" classname="jar.IntegerToRomanTest" time="0"/>
  <testcase name="test_M" classname="jar.IntegerToRomanTest" time="0.001"/>
  <testcase name="test_V" classname="jar.IntegerToRomanTest" time="0"/>
  <testcase name="test_X" classname="jar.IntegerToRomanTest" time="0.001"/>
  <testcase name="test_negative_num" classname="jar.IntegerToRomanTest" time="0.001"/>
  <testcase name="test_zero_num" classname="jar.IntegerToRomanTest" time="0.001"/>
  <testcase name="test_out_of_range_num" classname="jar.IntegerToRomanTest" time="0"/>
</testsuite>